<?xml version="1.0" encoding="UTF-8" standalone="yes"?><!DOCTYPE report PUBLIC "-//JACOCO//DTD Report 1.1//EN" "report.dtd"><report name="test-junit5-mockito"><sessioninfo id="DESKTOP-E2HODFK-344d553d" start="1576497691481" dump="1576497712027"/><sessioninfo id="DESKTOP-E2HODFK-f20cd59f" start="1576497806191" dump="1576497824671"/><sessioninfo id="DESKTOP-E2HODFK-c2569142" start="1576497890146" dump="1576497909289"/><package name="hello"><class name="hello/MainController" sourcefilename="MainController.java"><method name="&lt;init&gt;" desc="()V" line="10"><counter type="INSTRUCTION" missed="0" covered="3"/><counter type="LINE" missed="0" covered="1"/><counter type="COMPLEXITY" missed="0" covered="1"/><counter type="METHOD" missed="0" covered="1"/></method><method name="hello" desc="()Ljava/lang/String;" line="14"><counter type="INSTRUCTION" missed="0" covered="2"/><counter type="LINE" missed="0" covered="1"/><counter type="COMPLEXITY" missed="0" covered="1"/><counter type="METHOD" missed="0" covered="1"/></method><counter type="INSTRUCTION" missed="0" covered="5"/><counter type="LINE" missed="0" covered="2"/><counter type="COMPLEXITY" missed="0" covered="2"/><counter type="METHOD" missed="0" covered="2"/><counter type="CLASS" missed="0" covered="1"/></class><class name="hello/HelloRepository" sourcefilename="HelloRepository.java"><method name="&lt;init&gt;" desc="()V" line="6"><counter type="INSTRUCTION" missed="0" covered="3"/><counter type="LINE" missed="0" covered="1"/><counter type="COMPLEXITY" missed="0" covered="1"/><counter type="METHOD" missed="0" covered="1"/></method><method name="get" desc="()Ljava/lang/String;" line="8"><counter type="INSTRUCTION" missed="0" covered="2"/><counter type="LINE" missed="0" covered="1"/><counter type="COMPLEXITY" missed="0" covered="1"/><counter type="METHOD" missed="0" covered="1"/></method><counter type="INSTRUCTION" missed="0" covered="5"/><counter type="LINE" missed="0" covered="2"/><counter type="COMPLEXITY" missed="0" covered="2"/><counter type="METHOD" missed="0" covered="2"/><counter type="CLASS" missed="0" covered="1"/></class><class name="hello/HelloService" sourcefilename="HelloService.java"><method name="&lt;init&gt;" desc="()V" line="3"><counter type="INSTRUCTION" missed="0" covered="8"/><counter type="LINE" missed="0" covered="2"/><counter type="COMPLEXITY" missed="0" covered="1"/><counter type="METHOD" missed="0" covered="1"/></method><method name="get" desc="()Ljava/lang/String;" line="7"><counter type="INSTRUCTION" missed="0" covered="4"/><counter type="LINE" missed="0" covered="1"/><counter type="COMPLEXITY" missed="0" covered="1"/><counter type="METHOD" missed="0" covered="1"/></method><counter type="INSTRUCTION" missed="0" covered="12"/><counter type="LINE" missed="0" covered="3"/><counter type="COMPLEXITY" missed="0" covered="2"/><counter type="METHOD" missed="0" covered="2"/><counter type="CLASS" missed="0" covered="1"/></class><class name="hello/Application" sourcefilename="Application.java"><method name="&lt;init&gt;" desc="()V" line="7"><counter type="INSTRUCTION" missed="0" covered="3"/><counter type="LINE" missed="0" covered="1"/><counter type="COMPLEXITY" missed="0" covered="1"/><counter type="METHOD" missed="0" covered="1"/></method><method name="main" desc="([Ljava/lang/String;)V" line="10"><counter type="INSTRUCTION" missed="5" covered="0"/><counter type="LINE" missed="2" covered="0"/><counter type="COMPLEXITY" missed="1" covered="0"/><counter type="METHOD" missed="1" covered="0"/></method><counter type="INSTRUCTION" missed="5" covered="3"/><counter type="LINE" missed="2" covered="1"/><counter type="COMPLEXITY" missed="1" covered="1"/><counter type="METHOD" missed="1" covered="1"/><counter type="CLASS" missed="0" covered="1"/></class><class name="hello/Numbers" sourcefilename="Numbers.java"><method name="&lt;init&gt;" desc="()V" line="13"><counter type="INSTRUCTION" missed="0" covered="3"/><counter type="LINE" missed="0" covered="1"/><counter type="COMPLEXITY" missed="0" covered="1"/><counter type="METHOD" missed="0" covered="1"/></method><method name="getRandomNumber" desc="()Ljava/lang/String;" line="17"><counter type="INSTRUCTION" missed="0" covered="19"/><counter type="LINE" missed="0" covered="5"/><counter type="COMPLEXITY" missed="0" covered="1"/><counter type="METHOD" missed="0" covered="1"/></method><counter type="INSTRUCTION" missed="0" covered="22"/><counter type="LINE" missed="0" covered="6"/><counter type="COMPLEXITY" missed="0" covered="2"/><counter type="METHOD" missed="0" covered="2"/><counter type="CLASS" missed="0" covered="1"/></class><sourcefile name="Application.java"><line nr="7" mi="0" ci="3" mb="0" cb="0"/><line nr="10" mi="4" ci="0" mb="0" cb="0"/><line nr="11" mi="1" ci="0" mb="0" cb="0"/><counter type="INSTRUCTION" missed="5" covered="3"/><counter type="LINE" missed="2" covered="1"/><counter type="COMPLEXITY" missed="1" covered="1"/><counter type="METHOD" missed="1" covered="1"/><counter type="CLASS" missed="0" covered="1"/></sourcefile><sourcefile name="MainController.java"><line nr="10" mi="0" ci="3" mb="0" cb="0"/><line nr="14" mi="0" ci="2" mb="0" cb="0"/><counter type="INSTRUCTION" missed="0" covered="5"/><counter type="LINE" missed="0" covered="2"/><counter type="COMPLEXITY" missed="0" covered="2"/><counter type="METHOD" missed="0" covered="2"/><counter type="CLASS" missed="0" covered="1"/></sourcefile><sourcefile name="HelloRepository.java"><line nr="6" mi="0" ci="3" mb="0" cb="0"/><line nr="8" mi="0" ci="2" mb="0" cb="0"/><counter type="INSTRUCTION" missed="0" covered="5"/><counter type="LINE" missed="0" covered="2"/><counter type="COMPLEXITY" missed="0" covered="2"/><counter type="METHOD" missed="0" covered="2"/><counter type="CLASS" missed="0" covered="1"/></sourcefile><sourcefile name="HelloService.java"><line nr="3" mi="0" ci="2" mb="0" cb="0"/><line nr="4" mi="0" ci="6" mb="0" cb="0"/><line nr="7" mi="0" ci="4" mb="0" cb="0"/><counter type="INSTRUCTION" missed="0" covered="12"/><counter type="LINE" missed="0" covered="3"/><counter type="COMPLEXITY" missed="0" covered="2"/><counter type="METHOD" missed="0" covered="2"/><counter type="CLASS" missed="0" covered="1"/></sourcefile><sourcefile name="Numbers.java"><line nr="13" mi="0" ci="3" mb="0" cb="0"/><line nr="17" mi="0" ci="4" mb="0" cb="0"/><line nr="18" mi="0" ci="3" mb="0" cb="0"/><line nr="19" mi="0" ci="4" mb="0" cb="0"/><line nr="20" mi="0" ci="5" mb="0" cb="0"/><line nr="21" mi="0" ci="3" mb="0" cb="0"/><counter type="INSTRUCTION" missed="0" covered="22"/><counter type="LINE" missed="0" covered="6"/><counter type="COMPLEXITY" missed="0" covered="2"/><counter type="METHOD" missed="0" covered="2"/><counter type="CLASS" missed="0" covered="1"/></sourcefile><counter type="INSTRUCTION" missed="5" covered="47"/><counter type="LINE" missed="2" covered="14"/><counter type="COMPLEXITY" missed="1" covered="9"/><counter type="METHOD" missed="1" covered="9"/><counter type="CLASS" missed="0" covered="5"/></package><counter type="INSTRUCTION" missed="5" covered="47"/><counter type="LINE" missed="2" covered="14"/><counter type="COMPLEXITY" missed="1" covered="9"/><counter type="METHOD" missed="1" covered="9"/><counter type="CLASS" missed="0" covered="5"/></report>